INFO - 2025-02-26 09:23:30 --> Session: Class initialized using 'CodeIgniter\Session\Handlers\FileHandler' driver.
INFO - 2025-02-26 09:27:51 --> Session: Class initialized using 'CodeIgniter\Session\Handlers\FileHandler' driver.
ERROR - 2025-02-26 09:27:51 --> Error connecting to the database: mysqli_sql_exception: Access denied for user 'applifrais'@'localhost' (using password: YES) in P:\Documents\projets_PHP\applifrais\system\Database\MySQLi\Connection.php:186
Stack trace:
#0 P:\Documents\projets_PHP\applifrais\system\Database\MySQLi\Connection.php(186): mysqli->real_connect('localhost', 'applifrais', Object(SensitiveParameterValue), 'applifrais', 3306, '', 0)
#1 P:\Documents\projets_PHP\applifrais\system\Database\BaseConnection.php(421): CodeIgniter\Database\MySQLi\Connection->connect(false)
#2 P:\Documents\projets_PHP\applifrais\system\Database\BaseConnection.php(616): CodeIgniter\Database\BaseConnection->initialize()
#3 P:\Documents\projets_PHP\applifrais\app\Models\DataAccess.php(32): CodeIgniter\Database\BaseConnection->query('select id, nom,...', 'lvillachane')
#4 P:\Documents\projets_PHP\applifrais\app\Models\Authentif.php(58): App\Models\DataAccess->getVisiteur('lvillachane')
#5 P:\Documents\projets_PHP\applifrais\app\Controllers\Anonyme.php(50): App\Models\Authentif->authentifier('lvillachane', 'jux7g')
#6 P:\Documents\projets_PHP\applifrais\system\CodeIgniter.php(933): App\Controllers\Anonyme->seConnecter()
#7 P:\Documents\projets_PHP\applifrais\system\CodeIgniter.php(509): CodeIgniter\CodeIgniter->runController(Object(App\Controllers\Anonyme))
#8 P:\Documents\projets_PHP\applifrais\system\CodeIgniter.php(355): CodeIgniter\CodeIgniter->handleRequest(NULL, Object(Config\Cache), false)
#9 P:\Documents\projets_PHP\applifrais\system\Boot.php(325): CodeIgniter\CodeIgniter->run()
#10 P:\Documents\projets_PHP\applifrais\system\Boot.php(67): CodeIgniter\Boot::runCodeIgniter(Object(CodeIgniter\CodeIgniter))
#11 P:\Documents\projets_PHP\applifrais\public\index.php(56): CodeIgniter\Boot::bootWeb(Object(Config\Paths))
#12 {main}

Next CodeIgniter\Database\Exceptions\DatabaseException: Access denied for user '****'@'localhost' (using password: YES) in P:\Documents\projets_PHP\applifrais\system\Database\MySQLi\Connection.php:231
Stack trace:
#0 P:\Documents\projets_PHP\applifrais\system\Database\BaseConnection.php(421): CodeIgniter\Database\MySQLi\Connection->connect(false)
#1 P:\Documents\projets_PHP\applifrais\system\Database\BaseConnection.php(616): CodeIgniter\Database\BaseConnection->initialize()
#2 P:\Documents\projets_PHP\applifrais\app\Models\DataAccess.php(32): CodeIgniter\Database\BaseConnection->query('select id, nom,...', 'lvillachane')
#3 P:\Documents\projets_PHP\applifrais\app\Models\Authentif.php(58): App\Models\DataAccess->getVisiteur('lvillachane')
#4 P:\Documents\projets_PHP\applifrais\app\Controllers\Anonyme.php(50): App\Models\Authentif->authentifier('lvillachane', 'jux7g')
#5 P:\Documents\projets_PHP\applifrais\system\CodeIgniter.php(933): App\Controllers\Anonyme->seConnecter()
#6 P:\Documents\projets_PHP\applifrais\system\CodeIgniter.php(509): CodeIgniter\CodeIgniter->runController(Object(App\Controllers\Anonyme))
#7 P:\Documents\projets_PHP\applifrais\system\CodeIgniter.php(355): CodeIgniter\CodeIgniter->handleRequest(NULL, Object(Config\Cache), false)
#8 P:\Documents\projets_PHP\applifrais\system\Boot.php(325): CodeIgniter\CodeIgniter->run()
#9 P:\Documents\projets_PHP\applifrais\system\Boot.php(67): CodeIgniter\Boot::runCodeIgniter(Object(CodeIgniter\CodeIgniter))
#10 P:\Documents\projets_PHP\applifrais\public\index.php(56): CodeIgniter\Boot::bootWeb(Object(Config\Paths))
#11 {main}
CRITICAL - 2025-02-26 09:27:51 --> CodeIgniter\Database\Exceptions\DatabaseException: Unable to connect to the database.
Main connection [MySQLi]: Access denied for user '****'@'localhost' (using password: YES)
[Method: POST, Route: anonyme/seConnecter]
in SYSTEMPATH\Database\BaseConnection.php on line 467.
 1 SYSTEMPATH\Database\BaseConnection.php(616): CodeIgniter\Database\BaseConnection->initialize()
 2 APPPATH\Models\DataAccess.php(32): CodeIgniter\Database\BaseConnection->query('select id, nom, prenom, login, mdp  
						from visiteur 
						where login=?', 'lvillachane')
 3 APPPATH\Models\Authentif.php(58): App\Models\DataAccess->getVisiteur('lvillachane')
 4 APPPATH\Controllers\Anonyme.php(50): App\Models\Authentif->authentifier('lvillachane', 'jux7g')
 5 SYSTEMPATH\CodeIgniter.php(933): App\Controllers\Anonyme->seConnecter()
 6 SYSTEMPATH\CodeIgniter.php(509): CodeIgniter\CodeIgniter->runController(Object(App\Controllers\Anonyme))
 7 SYSTEMPATH\CodeIgniter.php(355): CodeIgniter\CodeIgniter->handleRequest(null, Object(Config\Cache), false)
 8 SYSTEMPATH\Boot.php(325): CodeIgniter\CodeIgniter->run()
 9 SYSTEMPATH\Boot.php(67): CodeIgniter\Boot::runCodeIgniter(Object(CodeIgniter\CodeIgniter))
10 FCPATH\index.php(56): CodeIgniter\Boot::bootWeb(Object(Config\Paths))
INFO - 2025-02-26 09:28:26 --> Session: Class initialized using 'CodeIgniter\Session\Handlers\FileHandler' driver.
INFO - 2025-02-26 09:28:42 --> Session: Class initialized using 'CodeIgniter\Session\Handlers\FileHandler' driver.
ERROR - 2025-02-26 09:28:42 --> Error connecting to the database: mysqli_sql_exception: Access denied for user 'applifrais'@'localhost' (using password: YES) in P:\Documents\projets_PHP\applifrais\system\Database\MySQLi\Connection.php:186
Stack trace:
#0 P:\Documents\projets_PHP\applifrais\system\Database\MySQLi\Connection.php(186): mysqli->real_connect('localhost', 'applifrais', Object(SensitiveParameterValue), 'applifrais', 3306, '', 0)
#1 P:\Documents\projets_PHP\applifrais\system\Database\BaseConnection.php(421): CodeIgniter\Database\MySQLi\Connection->connect(false)
#2 P:\Documents\projets_PHP\applifrais\system\Database\BaseConnection.php(616): CodeIgniter\Database\BaseConnection->initialize()
#3 P:\Documents\projets_PHP\applifrais\app\Models\DataAccess.php(32): CodeIgniter\Database\BaseConnection->query('select id, nom,...', 'lvillachane')
#4 P:\Documents\projets_PHP\applifrais\app\Models\Authentif.php(58): App\Models\DataAccess->getVisiteur('lvillachane')
#5 P:\Documents\projets_PHP\applifrais\app\Controllers\Anonyme.php(50): App\Models\Authentif->authentifier('lvillachane', 'jux7g')
#6 P:\Documents\projets_PHP\applifrais\system\CodeIgniter.php(933): App\Controllers\Anonyme->seConnecter()
#7 P:\Documents\projets_PHP\applifrais\system\CodeIgniter.php(509): CodeIgniter\CodeIgniter->runController(Object(App\Controllers\Anonyme))
#8 P:\Documents\projets_PHP\applifrais\system\CodeIgniter.php(355): CodeIgniter\CodeIgniter->handleRequest(NULL, Object(Config\Cache), false)
#9 P:\Documents\projets_PHP\applifrais\system\Boot.php(325): CodeIgniter\CodeIgniter->run()
#10 P:\Documents\projets_PHP\applifrais\system\Boot.php(67): CodeIgniter\Boot::runCodeIgniter(Object(CodeIgniter\CodeIgniter))
#11 P:\Documents\projets_PHP\applifrais\public\index.php(56): CodeIgniter\Boot::bootWeb(Object(Config\Paths))
#12 {main}

Next CodeIgniter\Database\Exceptions\DatabaseException: Access denied for user '****'@'localhost' (using password: YES) in P:\Documents\projets_PHP\applifrais\system\Database\MySQLi\Connection.php:231
Stack trace:
#0 P:\Documents\projets_PHP\applifrais\system\Database\BaseConnection.php(421): CodeIgniter\Database\MySQLi\Connection->connect(false)
#1 P:\Documents\projets_PHP\applifrais\system\Database\BaseConnection.php(616): CodeIgniter\Database\BaseConnection->initialize()
#2 P:\Documents\projets_PHP\applifrais\app\Models\DataAccess.php(32): CodeIgniter\Database\BaseConnection->query('select id, nom,...', 'lvillachane')
#3 P:\Documents\projets_PHP\applifrais\app\Models\Authentif.php(58): App\Models\DataAccess->getVisiteur('lvillachane')
#4 P:\Documents\projets_PHP\applifrais\app\Controllers\Anonyme.php(50): App\Models\Authentif->authentifier('lvillachane', 'jux7g')
#5 P:\Documents\projets_PHP\applifrais\system\CodeIgniter.php(933): App\Controllers\Anonyme->seConnecter()
#6 P:\Documents\projets_PHP\applifrais\system\CodeIgniter.php(509): CodeIgniter\CodeIgniter->runController(Object(App\Controllers\Anonyme))
#7 P:\Documents\projets_PHP\applifrais\system\CodeIgniter.php(355): CodeIgniter\CodeIgniter->handleRequest(NULL, Object(Config\Cache), false)
#8 P:\Documents\projets_PHP\applifrais\system\Boot.php(325): CodeIgniter\CodeIgniter->run()
#9 P:\Documents\projets_PHP\applifrais\system\Boot.php(67): CodeIgniter\Boot::runCodeIgniter(Object(CodeIgniter\CodeIgniter))
#10 P:\Documents\projets_PHP\applifrais\public\index.php(56): CodeIgniter\Boot::bootWeb(Object(Config\Paths))
#11 {main}
CRITICAL - 2025-02-26 09:28:42 --> CodeIgniter\Database\Exceptions\DatabaseException: Unable to connect to the database.
Main connection [MySQLi]: Access denied for user '****'@'localhost' (using password: YES)
[Method: POST, Route: anonyme/seConnecter]
in SYSTEMPATH\Database\BaseConnection.php on line 467.
 1 SYSTEMPATH\Database\BaseConnection.php(616): CodeIgniter\Database\BaseConnection->initialize()
 2 APPPATH\Models\DataAccess.php(32): CodeIgniter\Database\BaseConnection->query('select id, nom, prenom, login, mdp  
						from visiteur 
						where login=?', 'lvillachane')
 3 APPPATH\Models\Authentif.php(58): App\Models\DataAccess->getVisiteur('lvillachane')
 4 APPPATH\Controllers\Anonyme.php(50): App\Models\Authentif->authentifier('lvillachane', 'jux7g')
 5 SYSTEMPATH\CodeIgniter.php(933): App\Controllers\Anonyme->seConnecter()
 6 SYSTEMPATH\CodeIgniter.php(509): CodeIgniter\CodeIgniter->runController(Object(App\Controllers\Anonyme))
 7 SYSTEMPATH\CodeIgniter.php(355): CodeIgniter\CodeIgniter->handleRequest(null, Object(Config\Cache), false)
 8 SYSTEMPATH\Boot.php(325): CodeIgniter\CodeIgniter->run()
 9 SYSTEMPATH\Boot.php(67): CodeIgniter\Boot::runCodeIgniter(Object(CodeIgniter\CodeIgniter))
10 FCPATH\index.php(56): CodeIgniter\Boot::bootWeb(Object(Config\Paths))
INFO - 2025-02-26 09:28:59 --> Session: Class initialized using 'CodeIgniter\Session\Handlers\FileHandler' driver.
INFO - 2025-02-26 09:30:00 --> Session: Class initialized using 'CodeIgniter\Session\Handlers\FileHandler' driver.
ERROR - 2025-02-26 09:30:01 --> Error connecting to the database: mysqli_sql_exception: Access denied for user 'applifrais'@'localhost' (using password: YES) in P:\Documents\projets_PHP\applifrais\system\Database\MySQLi\Connection.php:186
Stack trace:
#0 P:\Documents\projets_PHP\applifrais\system\Database\MySQLi\Connection.php(186): mysqli->real_connect('localhost', 'applifrais', Object(SensitiveParameterValue), 'applifrais', 3306, '', 0)
#1 P:\Documents\projets_PHP\applifrais\system\Database\BaseConnection.php(421): CodeIgniter\Database\MySQLi\Connection->connect(false)
#2 P:\Documents\projets_PHP\applifrais\system\Database\BaseConnection.php(616): CodeIgniter\Database\BaseConnection->initialize()
#3 P:\Documents\projets_PHP\applifrais\app\Models\DataAccess.php(32): CodeIgniter\Database\BaseConnection->query('select id, nom,...', 'lvillachane')
#4 P:\Documents\projets_PHP\applifrais\app\Models\Authentif.php(58): App\Models\DataAccess->getVisiteur('lvillachane')
#5 P:\Documents\projets_PHP\applifrais\app\Controllers\Anonyme.php(50): App\Models\Authentif->authentifier('lvillachane', 'jux7g')
#6 P:\Documents\projets_PHP\applifrais\system\CodeIgniter.php(933): App\Controllers\Anonyme->seConnecter()
#7 P:\Documents\projets_PHP\applifrais\system\CodeIgniter.php(509): CodeIgniter\CodeIgniter->runController(Object(App\Controllers\Anonyme))
#8 P:\Documents\projets_PHP\applifrais\system\CodeIgniter.php(355): CodeIgniter\CodeIgniter->handleRequest(NULL, Object(Config\Cache), false)
#9 P:\Documents\projets_PHP\applifrais\system\Boot.php(325): CodeIgniter\CodeIgniter->run()
#10 P:\Documents\projets_PHP\applifrais\system\Boot.php(67): CodeIgniter\Boot::runCodeIgniter(Object(CodeIgniter\CodeIgniter))
#11 P:\Documents\projets_PHP\applifrais\public\index.php(56): CodeIgniter\Boot::bootWeb(Object(Config\Paths))
#12 {main}

Next CodeIgniter\Database\Exceptions\DatabaseException: Access denied for user '****'@'localhost' (using password: YES) in P:\Documents\projets_PHP\applifrais\system\Database\MySQLi\Connection.php:231
Stack trace:
#0 P:\Documents\projets_PHP\applifrais\system\Database\BaseConnection.php(421): CodeIgniter\Database\MySQLi\Connection->connect(false)
#1 P:\Documents\projets_PHP\applifrais\system\Database\BaseConnection.php(616): CodeIgniter\Database\BaseConnection->initialize()
#2 P:\Documents\projets_PHP\applifrais\app\Models\DataAccess.php(32): CodeIgniter\Database\BaseConnection->query('select id, nom,...', 'lvillachane')
#3 P:\Documents\projets_PHP\applifrais\app\Models\Authentif.php(58): App\Models\DataAccess->getVisiteur('lvillachane')
#4 P:\Documents\projets_PHP\applifrais\app\Controllers\Anonyme.php(50): App\Models\Authentif->authentifier('lvillachane', 'jux7g')
#5 P:\Documents\projets_PHP\applifrais\system\CodeIgniter.php(933): App\Controllers\Anonyme->seConnecter()
#6 P:\Documents\projets_PHP\applifrais\system\CodeIgniter.php(509): CodeIgniter\CodeIgniter->runController(Object(App\Controllers\Anonyme))
#7 P:\Documents\projets_PHP\applifrais\system\CodeIgniter.php(355): CodeIgniter\CodeIgniter->handleRequest(NULL, Object(Config\Cache), false)
#8 P:\Documents\projets_PHP\applifrais\system\Boot.php(325): CodeIgniter\CodeIgniter->run()
#9 P:\Documents\projets_PHP\applifrais\system\Boot.php(67): CodeIgniter\Boot::runCodeIgniter(Object(CodeIgniter\CodeIgniter))
#10 P:\Documents\projets_PHP\applifrais\public\index.php(56): CodeIgniter\Boot::bootWeb(Object(Config\Paths))
#11 {main}
CRITICAL - 2025-02-26 09:30:01 --> CodeIgniter\Database\Exceptions\DatabaseException: Unable to connect to the database.
Main connection [MySQLi]: Access denied for user '****'@'localhost' (using password: YES)
[Method: POST, Route: anonyme/seConnecter]
in SYSTEMPATH\Database\BaseConnection.php on line 467.
 1 SYSTEMPATH\Database\BaseConnection.php(616): CodeIgniter\Database\BaseConnection->initialize()
 2 APPPATH\Models\DataAccess.php(32): CodeIgniter\Database\BaseConnection->query('select id, nom, prenom, login, mdp  
						from visiteur 
						where login=?', 'lvillachane')
 3 APPPATH\Models\Authentif.php(58): App\Models\DataAccess->getVisiteur('lvillachane')
 4 APPPATH\Controllers\Anonyme.php(50): App\Models\Authentif->authentifier('lvillachane', 'jux7g')
 5 SYSTEMPATH\CodeIgniter.php(933): App\Controllers\Anonyme->seConnecter()
 6 SYSTEMPATH\CodeIgniter.php(509): CodeIgniter\CodeIgniter->runController(Object(App\Controllers\Anonyme))
 7 SYSTEMPATH\CodeIgniter.php(355): CodeIgniter\CodeIgniter->handleRequest(null, Object(Config\Cache), false)
 8 SYSTEMPATH\Boot.php(325): CodeIgniter\CodeIgniter->run()
 9 SYSTEMPATH\Boot.php(67): CodeIgniter\Boot::runCodeIgniter(Object(CodeIgniter\CodeIgniter))
10 FCPATH\index.php(56): CodeIgniter\Boot::bootWeb(Object(Config\Paths))
INFO - 2025-02-26 09:40:27 --> Session: Class initialized using 'CodeIgniter\Session\Handlers\FileHandler' driver.
INFO - 2025-02-26 09:48:50 --> Session: Class initialized using 'CodeIgniter\Session\Handlers\FileHandler' driver.
ERROR - 2025-02-26 09:48:50 --> Error connecting to the database: mysqli_sql_exception: Access denied for user 'applifrais'@'localhost' (using password: YES) in P:\Documents\projets_PHP\applifrais\system\Database\MySQLi\Connection.php:186
Stack trace:
#0 P:\Documents\projets_PHP\applifrais\system\Database\MySQLi\Connection.php(186): mysqli->real_connect('localhost', 'applifrais', Object(SensitiveParameterValue), 'applifrais', 3306, '', 0)
#1 P:\Documents\projets_PHP\applifrais\system\Database\BaseConnection.php(421): CodeIgniter\Database\MySQLi\Connection->connect(false)
#2 P:\Documents\projets_PHP\applifrais\system\Database\BaseConnection.php(616): CodeIgniter\Database\BaseConnection->initialize()
#3 P:\Documents\projets_PHP\applifrais\app\Models\DataAccess.php(32): CodeIgniter\Database\BaseConnection->query('select id, nom,...', 'lvillachane')
#4 P:\Documents\projets_PHP\applifrais\app\Models\Authentif.php(58): App\Models\DataAccess->getVisiteur('lvillachane')
#5 P:\Documents\projets_PHP\applifrais\app\Controllers\Anonyme.php(50): App\Models\Authentif->authentifier('lvillachane', 'jux7g')
#6 P:\Documents\projets_PHP\applifrais\system\CodeIgniter.php(933): App\Controllers\Anonyme->seConnecter()
#7 P:\Documents\projets_PHP\applifrais\system\CodeIgniter.php(509): CodeIgniter\CodeIgniter->runController(Object(App\Controllers\Anonyme))
#8 P:\Documents\projets_PHP\applifrais\system\CodeIgniter.php(355): CodeIgniter\CodeIgniter->handleRequest(NULL, Object(Config\Cache), false)
#9 P:\Documents\projets_PHP\applifrais\system\Boot.php(325): CodeIgniter\CodeIgniter->run()
#10 P:\Documents\projets_PHP\applifrais\system\Boot.php(67): CodeIgniter\Boot::runCodeIgniter(Object(CodeIgniter\CodeIgniter))
#11 P:\Documents\projets_PHP\applifrais\public\index.php(56): CodeIgniter\Boot::bootWeb(Object(Config\Paths))
#12 {main}

Next CodeIgniter\Database\Exceptions\DatabaseException: Access denied for user '****'@'localhost' (using password: YES) in P:\Documents\projets_PHP\applifrais\system\Database\MySQLi\Connection.php:231
Stack trace:
#0 P:\Documents\projets_PHP\applifrais\system\Database\BaseConnection.php(421): CodeIgniter\Database\MySQLi\Connection->connect(false)
#1 P:\Documents\projets_PHP\applifrais\system\Database\BaseConnection.php(616): CodeIgniter\Database\BaseConnection->initialize()
#2 P:\Documents\projets_PHP\applifrais\app\Models\DataAccess.php(32): CodeIgniter\Database\BaseConnection->query('select id, nom,...', 'lvillachane')
#3 P:\Documents\projets_PHP\applifrais\app\Models\Authentif.php(58): App\Models\DataAccess->getVisiteur('lvillachane')
#4 P:\Documents\projets_PHP\applifrais\app\Controllers\Anonyme.php(50): App\Models\Authentif->authentifier('lvillachane', 'jux7g')
#5 P:\Documents\projets_PHP\applifrais\system\CodeIgniter.php(933): App\Controllers\Anonyme->seConnecter()
#6 P:\Documents\projets_PHP\applifrais\system\CodeIgniter.php(509): CodeIgniter\CodeIgniter->runController(Object(App\Controllers\Anonyme))
#7 P:\Documents\projets_PHP\applifrais\system\CodeIgniter.php(355): CodeIgniter\CodeIgniter->handleRequest(NULL, Object(Config\Cache), false)
#8 P:\Documents\projets_PHP\applifrais\system\Boot.php(325): CodeIgniter\CodeIgniter->run()
#9 P:\Documents\projets_PHP\applifrais\system\Boot.php(67): CodeIgniter\Boot::runCodeIgniter(Object(CodeIgniter\CodeIgniter))
#10 P:\Documents\projets_PHP\applifrais\public\index.php(56): CodeIgniter\Boot::bootWeb(Object(Config\Paths))
#11 {main}
CRITICAL - 2025-02-26 09:48:50 --> CodeIgniter\Database\Exceptions\DatabaseException: Unable to connect to the database.
Main connection [MySQLi]: Access denied for user '****'@'localhost' (using password: YES)
[Method: POST, Route: anonyme/seConnecter]
in SYSTEMPATH\Database\BaseConnection.php on line 467.
 1 SYSTEMPATH\Database\BaseConnection.php(616): CodeIgniter\Database\BaseConnection->initialize()
 2 APPPATH\Models\DataAccess.php(32): CodeIgniter\Database\BaseConnection->query('select id, nom, prenom, login, mdp  
						from visiteur 
						where login=?', 'lvillachane')
 3 APPPATH\Models\Authentif.php(58): App\Models\DataAccess->getVisiteur('lvillachane')
 4 APPPATH\Controllers\Anonyme.php(50): App\Models\Authentif->authentifier('lvillachane', 'jux7g')
 5 SYSTEMPATH\CodeIgniter.php(933): App\Controllers\Anonyme->seConnecter()
 6 SYSTEMPATH\CodeIgniter.php(509): CodeIgniter\CodeIgniter->runController(Object(App\Controllers\Anonyme))
 7 SYSTEMPATH\CodeIgniter.php(355): CodeIgniter\CodeIgniter->handleRequest(null, Object(Config\Cache), false)
 8 SYSTEMPATH\Boot.php(325): CodeIgniter\CodeIgniter->run()
 9 SYSTEMPATH\Boot.php(67): CodeIgniter\Boot::runCodeIgniter(Object(CodeIgniter\CodeIgniter))
10 FCPATH\index.php(56): CodeIgniter\Boot::bootWeb(Object(Config\Paths))
INFO - 2025-02-26 09:55:18 --> Session: Class initialized using 'CodeIgniter\Session\Handlers\FileHandler' driver.
INFO - 2025-02-26 09:55:33 --> Session: Class initialized using 'CodeIgniter\Session\Handlers\FileHandler' driver.
INFO - 2025-02-26 09:55:47 --> Session: Class initialized using 'CodeIgniter\Session\Handlers\FileHandler' driver.
INFO - 2025-02-26 09:57:33 --> Session: Class initialized using 'CodeIgniter\Session\Handlers\FileHandler' driver.
INFO - 2025-02-26 09:57:44 --> Session: Class initialized using 'CodeIgniter\Session\Handlers\FileHandler' driver.
INFO - 2025-02-26 10:04:03 --> Session: Class initialized using 'CodeIgniter\Session\Handlers\FileHandler' driver.
INFO - 2025-02-26 10:04:04 --> Session: Class initialized using 'CodeIgniter\Session\Handlers\FileHandler' driver.
WARNING - 2025-02-26 10:04:04 --> [DEPRECATED] Creation of dynamic property App\Controllers\Visiteur::$session is deprecated in APPPATH\Controllers\Visiteur.php on line 47.
 1 SYSTEMPATH\CodeIgniter.php(904): App\Controllers\Visiteur->initController(Object(CodeIgniter\HTTP\IncomingRequest), Object(CodeIgniter\HTTP\Response), Object(CodeIgniter\Log\Logger))
 2 SYSTEMPATH\CodeIgniter.php(500): CodeIgniter\CodeIgniter->createController()
 3 SYSTEMPATH\CodeIgniter.php(355): CodeIgniter\CodeIgniter->handleRequest(null, Object(Config\Cache), false)
 4 SYSTEMPATH\Boot.php(325): CodeIgniter\CodeIgniter->run()
 5 SYSTEMPATH\Boot.php(67): CodeIgniter\Boot::runCodeIgniter(Object(CodeIgniter\CodeIgniter))
 6 FCPATH\index.php(56): CodeIgniter\Boot::bootWeb(Object(Config\Paths))
INFO - 2025-02-26 10:05:36 --> Session: Class initialized using 'CodeIgniter\Session\Handlers\FileHandler' driver.
INFO - 2025-02-26 10:06:04 --> Session: Class initialized using 'CodeIgniter\Session\Handlers\FileHandler' driver.
INFO - 2025-02-26 10:06:05 --> Session: Class initialized using 'CodeIgniter\Session\Handlers\FileHandler' driver.
WARNING - 2025-02-26 10:06:05 --> [DEPRECATED] Creation of dynamic property App\Controllers\Visiteur::$session is deprecated in APPPATH\Controllers\Visiteur.php on line 47.
 1 SYSTEMPATH\CodeIgniter.php(904): App\Controllers\Visiteur->initController(Object(CodeIgniter\HTTP\IncomingRequest), Object(CodeIgniter\HTTP\Response), Object(CodeIgniter\Log\Logger))
 2 SYSTEMPATH\CodeIgniter.php(500): CodeIgniter\CodeIgniter->createController()
 3 SYSTEMPATH\CodeIgniter.php(355): CodeIgniter\CodeIgniter->handleRequest(null, Object(Config\Cache), false)
 4 SYSTEMPATH\Boot.php(325): CodeIgniter\CodeIgniter->run()
 5 SYSTEMPATH\Boot.php(67): CodeIgniter\Boot::runCodeIgniter(Object(CodeIgniter\CodeIgniter))
 6 FCPATH\index.php(56): CodeIgniter\Boot::bootWeb(Object(Config\Paths))
INFO - 2025-02-26 10:06:09 --> Session: Class initialized using 'CodeIgniter\Session\Handlers\FileHandler' driver.
WARNING - 2025-02-26 10:06:09 --> [DEPRECATED] Creation of dynamic property App\Controllers\Visiteur::$session is deprecated in APPPATH\Controllers\Visiteur.php on line 47.
 1 SYSTEMPATH\CodeIgniter.php(904): App\Controllers\Visiteur->initController(Object(CodeIgniter\HTTP\IncomingRequest), Object(CodeIgniter\HTTP\Response), Object(CodeIgniter\Log\Logger))
 2 SYSTEMPATH\CodeIgniter.php(500): CodeIgniter\CodeIgniter->createController()
 3 SYSTEMPATH\CodeIgniter.php(355): CodeIgniter\CodeIgniter->handleRequest(null, Object(Config\Cache), false)
 4 SYSTEMPATH\Boot.php(325): CodeIgniter\CodeIgniter->run()
 5 SYSTEMPATH\Boot.php(67): CodeIgniter\Boot::runCodeIgniter(Object(CodeIgniter\CodeIgniter))
 6 FCPATH\index.php(56): CodeIgniter\Boot::bootWeb(Object(Config\Paths))
