CRITICAL - 2025-03-05 09:27:44 --> ParseError: syntax error, unexpected token "===", expecting end of file
[Method: GET, Route: /]
in APPPATH\Models\Authentif.php on line 73.
 1 SYSTEMPATH\Autoloader\Autoloader.php(296): CodeIgniter\Autoloader\Autoloader->includeFile('P:\\Documents\\projets_PHP\\applifrais\\app\\Models\\Authentif.php')
 2 SYSTEMPATH\Autoloader\Autoloader.php(272): CodeIgniter\Autoloader\Autoloader->loadInNamespace('App\\Models\\Authentif')
 3 APPPATH\Controllers\Anonyme.php(18): CodeIgniter\Autoloader\Autoloader->loadClass('App\\Models\\Authentif')
 4 SYSTEMPATH\CodeIgniter.php(933): App\Controllers\Anonyme->index()
 5 SYSTEMPATH\CodeIgniter.php(509): CodeIgniter\CodeIgniter->runController(Object(App\Controllers\Anonyme))
 6 SYSTEMPATH\CodeIgniter.php(355): CodeIgniter\CodeIgniter->handleRequest(null, Object(Config\Cache), false)
 7 SYSTEMPATH\Boot.php(325): CodeIgniter\CodeIgniter->run()
 8 SYSTEMPATH\Boot.php(67): CodeIgniter\Boot::runCodeIgniter(Object(CodeIgniter\CodeIgniter))
 9 FCPATH\index.php(56): CodeIgniter\Boot::bootWeb(Object(Config\Paths))
CRITICAL - 2025-03-05 09:28:28 --> ParseError: syntax error, unexpected token "===", expecting end of file
[Method: GET, Route: /]
in APPPATH\Models\Authentif.php on line 73.
 1 SYSTEMPATH\Autoloader\Autoloader.php(296): CodeIgniter\Autoloader\Autoloader->includeFile('P:\\Documents\\projets_PHP\\applifrais\\app\\Models\\Authentif.php')
 2 SYSTEMPATH\Autoloader\Autoloader.php(272): CodeIgniter\Autoloader\Autoloader->loadInNamespace('App\\Models\\Authentif')
 3 APPPATH\Controllers\Anonyme.php(18): CodeIgniter\Autoloader\Autoloader->loadClass('App\\Models\\Authentif')
 4 SYSTEMPATH\CodeIgniter.php(933): App\Controllers\Anonyme->index()
 5 SYSTEMPATH\CodeIgniter.php(509): CodeIgniter\CodeIgniter->runController(Object(App\Controllers\Anonyme))
 6 SYSTEMPATH\CodeIgniter.php(355): CodeIgniter\CodeIgniter->handleRequest(null, Object(Config\Cache), false)
 7 SYSTEMPATH\Boot.php(325): CodeIgniter\CodeIgniter->run()
 8 SYSTEMPATH\Boot.php(67): CodeIgniter\Boot::runCodeIgniter(Object(CodeIgniter\CodeIgniter))
 9 FCPATH\index.php(56): CodeIgniter\Boot::bootWeb(Object(Config\Paths))
INFO - 2025-03-05 09:36:24 --> Session: Class initialized using 'CodeIgniter\Session\Handlers\FileHandler' driver.
INFO - 2025-03-05 10:15:12 --> Session: Class initialized using 'CodeIgniter\Session\Handlers\FileHandler' driver.
INFO - 2025-03-05 10:15:23 --> Session: Class initialized using 'CodeIgniter\Session\Handlers\FileHandler' driver.
ERROR - 2025-03-05 10:15:23 --> mysqli_sql_exception: Table 'applifrais.visiteur' doesn't exist in P:\Documents\projets_PHP\applifrais\system\Database\MySQLi\Connection.php:312
Stack trace:
#0 P:\Documents\projets_PHP\applifrais\system\Database\MySQLi\Connection.php(312): mysqli->query('select id, nom,...', 0)
#1 P:\Documents\projets_PHP\applifrais\system\Database\BaseConnection.php(734): CodeIgniter\Database\MySQLi\Connection->execute('select id, nom,...')
#2 P:\Documents\projets_PHP\applifrais\system\Database\BaseConnection.php(648): CodeIgniter\Database\BaseConnection->simpleQuery('select id, nom,...')
#3 P:\Documents\projets_PHP\applifrais\app\Models\DataAccess.php(30): CodeIgniter\Database\BaseConnection->query('select id, nom,...', 'lvillachane')
#4 P:\Documents\projets_PHP\applifrais\app\Models\Authentif.php(60): App\Models\DataAccess->getVisiteur('lvillachane')
#5 P:\Documents\projets_PHP\applifrais\app\Controllers\Anonyme.php(50): App\Models\Authentif->authentifier('lvillachane', 'jux7g')
#6 P:\Documents\projets_PHP\applifrais\system\CodeIgniter.php(933): App\Controllers\Anonyme->seConnecter()
#7 P:\Documents\projets_PHP\applifrais\system\CodeIgniter.php(509): CodeIgniter\CodeIgniter->runController(Object(App\Controllers\Anonyme))
#8 P:\Documents\projets_PHP\applifrais\system\CodeIgniter.php(355): CodeIgniter\CodeIgniter->handleRequest(NULL, Object(Config\Cache), false)
#9 P:\Documents\projets_PHP\applifrais\system\Boot.php(325): CodeIgniter\CodeIgniter->run()
#10 P:\Documents\projets_PHP\applifrais\system\Boot.php(67): CodeIgniter\Boot::runCodeIgniter(Object(CodeIgniter\CodeIgniter))
#11 P:\Documents\projets_PHP\applifrais\public\index.php(56): CodeIgniter\Boot::bootWeb(Object(Config\Paths))
#12 {main}
CRITICAL - 2025-03-05 10:15:23 --> CodeIgniter\Database\Exceptions\DatabaseException: Table 'applifrais.visiteur' doesn't exist
[Method: POST, Route: anonyme/seConnecter]
in SYSTEMPATH\Database\BaseConnection.php on line 688.
 1 APPPATH\Models\DataAccess.php(30): CodeIgniter\Database\BaseConnection->query('select id, nom, prenom, login, mdp  
						from visiteur 
						where login=?', 'lvillachane')
 2 APPPATH\Models\Authentif.php(60): App\Models\DataAccess->getVisiteur('lvillachane')
 3 APPPATH\Controllers\Anonyme.php(50): App\Models\Authentif->authentifier('lvillachane', 'jux7g')
 4 SYSTEMPATH\CodeIgniter.php(933): App\Controllers\Anonyme->seConnecter()
 5 SYSTEMPATH\CodeIgniter.php(509): CodeIgniter\CodeIgniter->runController(Object(App\Controllers\Anonyme))
 6 SYSTEMPATH\CodeIgniter.php(355): CodeIgniter\CodeIgniter->handleRequest(null, Object(Config\Cache), false)
 7 SYSTEMPATH\Boot.php(325): CodeIgniter\CodeIgniter->run()
 8 SYSTEMPATH\Boot.php(67): CodeIgniter\Boot::runCodeIgniter(Object(CodeIgniter\CodeIgniter))
 9 FCPATH\index.php(56): CodeIgniter\Boot::bootWeb(Object(Config\Paths))
CRITICAL - 2025-03-05 10:15:23 --> [Caused by] CodeIgniter\Database\Exceptions\DatabaseException: Table 'applifrais.visiteur' doesn't exist
in SYSTEMPATH\Database\MySQLi\Connection.php on line 317.
 1 SYSTEMPATH\Database\BaseConnection.php(734): CodeIgniter\Database\MySQLi\Connection->execute('select id, nom, prenom, login, mdp  
						from visiteur 
						where login=\'lvillachane\'')
 2 SYSTEMPATH\Database\BaseConnection.php(648): CodeIgniter\Database\BaseConnection->simpleQuery('select id, nom, prenom, login, mdp  
						from visiteur 
						where login=\'lvillachane\'')
 3 APPPATH\Models\DataAccess.php(30): CodeIgniter\Database\BaseConnection->query('select id, nom, prenom, login, mdp  
						from visiteur 
						where login=?', 'lvillachane')
 4 APPPATH\Models\Authentif.php(60): App\Models\DataAccess->getVisiteur('lvillachane')
 5 APPPATH\Controllers\Anonyme.php(50): App\Models\Authentif->authentifier('lvillachane', 'jux7g')
 6 SYSTEMPATH\CodeIgniter.php(933): App\Controllers\Anonyme->seConnecter()
 7 SYSTEMPATH\CodeIgniter.php(509): CodeIgniter\CodeIgniter->runController(Object(App\Controllers\Anonyme))
 8 SYSTEMPATH\CodeIgniter.php(355): CodeIgniter\CodeIgniter->handleRequest(null, Object(Config\Cache), false)
 9 SYSTEMPATH\Boot.php(325): CodeIgniter\CodeIgniter->run()
10 SYSTEMPATH\Boot.php(67): CodeIgniter\Boot::runCodeIgniter(Object(CodeIgniter\CodeIgniter))
11 FCPATH\index.php(56): CodeIgniter\Boot::bootWeb(Object(Config\Paths))
CRITICAL - 2025-03-05 10:15:23 --> [Caused by] mysqli_sql_exception: Table 'applifrais.visiteur' doesn't exist
in SYSTEMPATH\Database\MySQLi\Connection.php on line 312.
 1 SYSTEMPATH\Database\MySQLi\Connection.php(312): mysqli->query('select id, nom, prenom, login, mdp  
						from visiteur 
						where login=\'lvillachane\'', 0)
 2 SYSTEMPATH\Database\BaseConnection.php(734): CodeIgniter\Database\MySQLi\Connection->execute('select id, nom, prenom, login, mdp  
						from visiteur 
						where login=\'lvillachane\'')
 3 SYSTEMPATH\Database\BaseConnection.php(648): CodeIgniter\Database\BaseConnection->simpleQuery('select id, nom, prenom, login, mdp  
						from visiteur 
						where login=\'lvillachane\'')
 4 APPPATH\Models\DataAccess.php(30): CodeIgniter\Database\BaseConnection->query('select id, nom, prenom, login, mdp  
						from visiteur 
						where login=?', 'lvillachane')
 5 APPPATH\Models\Authentif.php(60): App\Models\DataAccess->getVisiteur('lvillachane')
 6 APPPATH\Controllers\Anonyme.php(50): App\Models\Authentif->authentifier('lvillachane', 'jux7g')
 7 SYSTEMPATH\CodeIgniter.php(933): App\Controllers\Anonyme->seConnecter()
 8 SYSTEMPATH\CodeIgniter.php(509): CodeIgniter\CodeIgniter->runController(Object(App\Controllers\Anonyme))
 9 SYSTEMPATH\CodeIgniter.php(355): CodeIgniter\CodeIgniter->handleRequest(null, Object(Config\Cache), false)
10 SYSTEMPATH\Boot.php(325): CodeIgniter\CodeIgniter->run()
11 SYSTEMPATH\Boot.php(67): CodeIgniter\Boot::runCodeIgniter(Object(CodeIgniter\CodeIgniter))
12 FCPATH\index.php(56): CodeIgniter\Boot::bootWeb(Object(Config\Paths))
INFO - 2025-03-05 10:25:52 --> Session: Class initialized using 'CodeIgniter\Session\Handlers\FileHandler' driver.
CRITICAL - 2025-03-05 10:25:53 --> CodeIgniter\Database\Exceptions\DatabaseException: You must set the database table to be used with your query.
[Method: POST, Route: anonyme/seConnecter]
in SYSTEMPATH\Database\BaseConnection.php on line 927.
 1 SYSTEMPATH\Model.php(716): CodeIgniter\Database\BaseConnection->table(null)
 2 SYSTEMPATH\Model.php(922): CodeIgniter\Model->builder()
 3 APPPATH\Models\Authentif.php(60): CodeIgniter\Model->__call('getVisiteur', [...])
 4 APPPATH\Controllers\Anonyme.php(50): App\Models\Authentif->authentifier('lvillachane', 'jux7g')
 5 SYSTEMPATH\CodeIgniter.php(933): App\Controllers\Anonyme->seConnecter()
 6 SYSTEMPATH\CodeIgniter.php(509): CodeIgniter\CodeIgniter->runController(Object(App\Controllers\Anonyme))
 7 SYSTEMPATH\CodeIgniter.php(355): CodeIgniter\CodeIgniter->handleRequest(null, Object(Config\Cache), false)
 8 SYSTEMPATH\Boot.php(325): CodeIgniter\CodeIgniter->run()
 9 SYSTEMPATH\Boot.php(67): CodeIgniter\Boot::runCodeIgniter(Object(CodeIgniter\CodeIgniter))
10 FCPATH\index.php(56): CodeIgniter\Boot::bootWeb(Object(Config\Paths))
INFO - 2025-03-05 10:25:55 --> Session: Class initialized using 'CodeIgniter\Session\Handlers\FileHandler' driver.
INFO - 2025-03-05 10:26:12 --> Session: Class initialized using 'CodeIgniter\Session\Handlers\FileHandler' driver.
CRITICAL - 2025-03-05 10:26:12 --> CodeIgniter\Database\Exceptions\DatabaseException: You must set the database table to be used with your query.
[Method: POST, Route: anonyme/seConnecter]
in SYSTEMPATH\Database\BaseConnection.php on line 927.
 1 SYSTEMPATH\Model.php(716): CodeIgniter\Database\BaseConnection->table(null)
 2 SYSTEMPATH\Model.php(922): CodeIgniter\Model->builder()
 3 APPPATH\Models\Authentif.php(60): CodeIgniter\Model->__call('getVisiteur', [...])
 4 APPPATH\Controllers\Anonyme.php(50): App\Models\Authentif->authentifier('lvillachane', 'jux7g')
 5 SYSTEMPATH\CodeIgniter.php(933): App\Controllers\Anonyme->seConnecter()
 6 SYSTEMPATH\CodeIgniter.php(509): CodeIgniter\CodeIgniter->runController(Object(App\Controllers\Anonyme))
 7 SYSTEMPATH\CodeIgniter.php(355): CodeIgniter\CodeIgniter->handleRequest(null, Object(Config\Cache), false)
 8 SYSTEMPATH\Boot.php(325): CodeIgniter\CodeIgniter->run()
 9 SYSTEMPATH\Boot.php(67): CodeIgniter\Boot::runCodeIgniter(Object(CodeIgniter\CodeIgniter))
10 FCPATH\index.php(56): CodeIgniter\Boot::bootWeb(Object(Config\Paths))
INFO - 2025-03-05 10:30:27 --> Session: Class initialized using 'CodeIgniter\Session\Handlers\FileHandler' driver.
INFO - 2025-03-05 10:30:36 --> Session: Class initialized using 'CodeIgniter\Session\Handlers\FileHandler' driver.
CRITICAL - 2025-03-05 10:30:36 --> CodeIgniter\Database\Exceptions\DatabaseException: You must set the database table to be used with your query.
[Method: POST, Route: anonyme/seConnecter]
in SYSTEMPATH\Database\BaseConnection.php on line 927.
 1 SYSTEMPATH\Model.php(716): CodeIgniter\Database\BaseConnection->table(null)
 2 SYSTEMPATH\Model.php(922): CodeIgniter\Model->builder()
 3 APPPATH\Models\Authentif.php(60): CodeIgniter\Model->__call('getVisiteur', [...])
 4 APPPATH\Controllers\Anonyme.php(50): App\Models\Authentif->authentifier('lvillachane', 'jux7g')
 5 SYSTEMPATH\CodeIgniter.php(933): App\Controllers\Anonyme->seConnecter()
 6 SYSTEMPATH\CodeIgniter.php(509): CodeIgniter\CodeIgniter->runController(Object(App\Controllers\Anonyme))
 7 SYSTEMPATH\CodeIgniter.php(355): CodeIgniter\CodeIgniter->handleRequest(null, Object(Config\Cache), false)
 8 SYSTEMPATH\Boot.php(325): CodeIgniter\CodeIgniter->run()
 9 SYSTEMPATH\Boot.php(67): CodeIgniter\Boot::runCodeIgniter(Object(CodeIgniter\CodeIgniter))
10 FCPATH\index.php(56): CodeIgniter\Boot::bootWeb(Object(Config\Paths))
INFO - 2025-03-05 10:46:23 --> Session: Class initialized using 'CodeIgniter\Session\Handlers\FileHandler' driver.
CRITICAL - 2025-03-05 10:46:23 --> CodeIgniter\Database\Exceptions\DatabaseException: You must set the database table to be used with your query.
[Method: POST, Route: anonyme/seConnecter]
in SYSTEMPATH\Database\BaseConnection.php on line 927.
 1 SYSTEMPATH\Model.php(716): CodeIgniter\Database\BaseConnection->table(null)
 2 SYSTEMPATH\Model.php(922): CodeIgniter\Model->builder()
 3 APPPATH\Models\Authentif.php(60): CodeIgniter\Model->__call('getVisiteur', [...])
 4 APPPATH\Controllers\Anonyme.php(50): App\Models\Authentif->authentifier('lvillachane', 'jux7g')
 5 SYSTEMPATH\CodeIgniter.php(933): App\Controllers\Anonyme->seConnecter()
 6 SYSTEMPATH\CodeIgniter.php(509): CodeIgniter\CodeIgniter->runController(Object(App\Controllers\Anonyme))
 7 SYSTEMPATH\CodeIgniter.php(355): CodeIgniter\CodeIgniter->handleRequest(null, Object(Config\Cache), false)
 8 SYSTEMPATH\Boot.php(325): CodeIgniter\CodeIgniter->run()
 9 SYSTEMPATH\Boot.php(67): CodeIgniter\Boot::runCodeIgniter(Object(CodeIgniter\CodeIgniter))
10 FCPATH\index.php(56): CodeIgniter\Boot::bootWeb(Object(Config\Paths))
INFO - 2025-03-05 10:52:06 --> Session: Class initialized using 'CodeIgniter\Session\Handlers\FileHandler' driver.
CRITICAL - 2025-03-05 10:52:06 --> CodeIgniter\Database\Exceptions\DatabaseException: You must set the database table to be used with your query.
[Method: POST, Route: anonyme/seConnecter]
in SYSTEMPATH\Database\BaseConnection.php on line 927.
 1 SYSTEMPATH\Model.php(716): CodeIgniter\Database\BaseConnection->table(null)
 2 SYSTEMPATH\Model.php(922): CodeIgniter\Model->builder()
 3 APPPATH\Models\Authentif.php(60): CodeIgniter\Model->__call('getVisiteur', [...])
 4 APPPATH\Controllers\Anonyme.php(50): App\Models\Authentif->authentifier('lvillachane', 'jux7g')
 5 SYSTEMPATH\CodeIgniter.php(933): App\Controllers\Anonyme->seConnecter()
 6 SYSTEMPATH\CodeIgniter.php(509): CodeIgniter\CodeIgniter->runController(Object(App\Controllers\Anonyme))
 7 SYSTEMPATH\CodeIgniter.php(355): CodeIgniter\CodeIgniter->handleRequest(null, Object(Config\Cache), false)
 8 SYSTEMPATH\Boot.php(325): CodeIgniter\CodeIgniter->run()
 9 SYSTEMPATH\Boot.php(67): CodeIgniter\Boot::runCodeIgniter(Object(CodeIgniter\CodeIgniter))
10 FCPATH\index.php(56): CodeIgniter\Boot::bootWeb(Object(Config\Paths))
